[ 2016-12-27T13:08:58+08:00 ] ::1 /lab/index.php/Home/login/login
INFO: [ app_init ] --START--
INFO: Run Behavior\BuildLiteBehavior [ RunTime:0.000000s ]
INFO: [ app_init ] --END-- [ RunTime:0.002000s ]
INFO: [ app_begin ] --START--
INFO: Run Behavior\ReadHtmlCacheBehavior [ RunTime:0.002000s ]
INFO: [ app_begin ] --END-- [ RunTime:0.002000s ]
INFO: [ view_parse ] --START--
INFO: [ template_filter ] --START--
INFO: Run Behavior\ContentReplaceBehavior [ RunTime:0.000000s ]
INFO: [ template_filter ] --END-- [ RunTime:0.000000s ]
INFO: Run Behavior\ParseTemplateBehavior [ RunTime:0.049002s ]
INFO: [ view_parse ] --END-- [ RunTime:0.049002s ]
INFO: [ view_filter ] --START--
INFO: Run Behavior\WriteHtmlCacheBehavior [ RunTime:0.006001s ]
INFO: [ view_filter ] --END-- [ RunTime:0.006001s ]
INFO: [ app_end ] --START--
INFO: Run Behavior\ShowPageTraceBehavior [ RunTime:0.001000s ]
INFO: [ app_end ] --END-- [ RunTime:0.002000s ]

[ 2016-12-27T13:08:59+08:00 ] ::1 /lab/index.php/Home/Login/verifyImg
INFO: [ app_init ] --START--
INFO: Run Behavior\BuildLiteBehavior [ RunTime:0.000000s ]
INFO: [ app_init ] --END-- [ RunTime:0.001000s ]
INFO: [ app_begin ] --START--
INFO: Run Behavior\ReadHtmlCacheBehavior [ RunTime:0.001000s ]
INFO: [ app_begin ] --END-- [ RunTime:0.001000s ]
INFO: [ app_end ] --START--
INFO: Run Behavior\ShowPageTraceBehavior [ RunTime:0.002000s ]
INFO: [ app_end ] --END-- [ RunTime:0.002000s ]

[ 2016-12-27T13:09:12+08:00 ] ::1 /lab/index.php/Home/login/login
INFO: [ app_init ] --START--
INFO: Run Behavior\BuildLiteBehavior [ RunTime:0.000000s ]
INFO: [ app_init ] --END-- [ RunTime:0.000000s ]
INFO: [ app_begin ] --START--
INFO: Run Behavior\ReadHtmlCacheBehavior [ RunTime:0.001000s ]
INFO: [ app_begin ] --END-- [ RunTime:0.001000s ]
INFO: [ view_parse ] --START--
INFO: [ template_filter ] --START--
INFO: Run Behavior\ContentReplaceBehavior [ RunTime:0.000000s ]
INFO: [ template_filter ] --END-- [ RunTime:0.001000s ]
INFO: Run Behavior\ParseTemplateBehavior [ RunTime:0.009001s ]
INFO: [ view_parse ] --END-- [ RunTime:0.010001s ]
INFO: [ view_filter ] --START--
INFO: Run Behavior\WriteHtmlCacheBehavior [ RunTime:0.000000s ]
INFO: [ view_filter ] --END-- [ RunTime:0.000000s ]
INFO: [ app_end ] --START--
INFO: Run Behavior\ShowPageTraceBehavior [ RunTime:0.000000s ]
INFO: [ app_end ] --END-- [ RunTime:0.001000s ]

[ 2016-12-27T13:09:12+08:00 ] ::1 /lab/index.php/Home/Login/verifyImg
INFO: [ app_init ] --START--
INFO: Run Behavior\BuildLiteBehavior [ RunTime:0.000000s ]
INFO: [ app_init ] --END-- [ RunTime:0.001000s ]
INFO: [ app_begin ] --START--
INFO: Run Behavior\ReadHtmlCacheBehavior [ RunTime:0.001000s ]
INFO: [ app_begin ] --END-- [ RunTime:0.001000s ]
INFO: [ app_end ] --START--
INFO: Run Behavior\ShowPageTraceBehavior [ RunTime:0.001000s ]
INFO: [ app_end ] --END-- [ RunTime:0.001000s ]

[ 2016-12-27T13:09:26+08:00 ] ::1 /lab/index.php/Home/Login/verifyImg/0.4987189021447853
INFO: [ app_init ] --START--
INFO: Run Behavior\BuildLiteBehavior [ RunTime:0.000000s ]
INFO: [ app_init ] --END-- [ RunTime:0.001000s ]
INFO: [ app_begin ] --START--
INFO: Run Behavior\ReadHtmlCacheBehavior [ RunTime:0.002000s ]
INFO: [ app_begin ] --END-- [ RunTime:0.003000s ]
INFO: [ app_end ] --START--
INFO: Run Behavior\ShowPageTraceBehavior [ RunTime:0.000000s ]
INFO: [ app_end ] --END-- [ RunTime:0.001000s ]

[ 2016-12-27T13:09:27+08:00 ] ::1 /lab/index.php/Home/Login/verifyImg/0.7200592968409472
INFO: [ app_init ] --START--
INFO: Run Behavior\BuildLiteBehavior [ RunTime:0.000000s ]
INFO: [ app_init ] --END-- [ RunTime:0.001000s ]
INFO: [ app_begin ] --START--
INFO: Run Behavior\ReadHtmlCacheBehavior [ RunTime:0.001000s ]
INFO: [ app_begin ] --END-- [ RunTime:0.001000s ]
INFO: [ app_end ] --START--
INFO: Run Behavior\ShowPageTraceBehavior [ RunTime:0.001000s ]
INFO: [ app_end ] --END-- [ RunTime:0.002000s ]

[ 2016-12-27T13:09:32+08:00 ] ::1 /lab/index.php/Home/Login/login
INFO: [ app_init ] --START--
INFO: Run Behavior\BuildLiteBehavior [ RunTime:0.000000s ]
INFO: [ app_init ] --END-- [ RunTime:0.002000s ]
INFO: [ app_begin ] --START--
INFO: Run Behavior\ReadHtmlCacheBehavior [ RunTime:0.001000s ]
INFO: [ app_begin ] --END-- [ RunTime:0.001000s ]
SQL: SHOW COLUMNS FROM `gx_teacher` [ RunTime:0.0440s ]
SQL: SELECT * FROM `gx_teacher` WHERE `te_no` = '123123' AND `te_pwd` = '1111' LIMIT 1   [ RunTime:0.0010s ]

[ 2016-12-27T13:09:33+08:00 ] ::1 /lab/index.php/Home/Index/index/name/%E9%97%AE%E6%98%AF/user/123123/type/%E6%95%99%E5%B8%88.html
INFO: [ app_init ] --START--
INFO: Run Behavior\BuildLiteBehavior [ RunTime:0.000000s ]
INFO: [ app_init ] --END-- [ RunTime:0.002000s ]
INFO: [ app_begin ] --START--
INFO: Run Behavior\ReadHtmlCacheBehavior [ RunTime:0.000000s ]
INFO: [ app_begin ] --END-- [ RunTime:0.001000s ]
SQL: SHOW COLUMNS FROM `gx_annm` [ RunTime:0.0250s ]
SQL: SELECT * FROM `gx_annm`  [ RunTime:0.0010s ]
SQL: SHOW COLUMNS FROM `gx_notice` [ RunTime:0.0250s ]
SQL: SELECT * FROM `gx_notice`  [ RunTime:0.0010s ]
INFO: [ view_parse ] --START--
INFO: [ template_filter ] --START--
INFO: Run Behavior\ContentReplaceBehavior [ RunTime:0.000000s ]
INFO: [ template_filter ] --END-- [ RunTime:0.000000s ]
INFO: Run Behavior\ParseTemplateBehavior [ RunTime:0.027002s ]
INFO: [ view_parse ] --END-- [ RunTime:0.027002s ]
INFO: [ view_filter ] --START--
INFO: Run Behavior\WriteHtmlCacheBehavior [ RunTime:0.001000s ]
INFO: [ view_filter ] --END-- [ RunTime:0.001000s ]
INFO: [ app_end ] --START--
INFO: Run Behavior\ShowPageTraceBehavior [ RunTime:0.001000s ]
INFO: [ app_end ] --END-- [ RunTime:0.001000s ]

[ 2016-12-27T13:09:37+08:00 ] ::1 /lab/index.php/Home/Index/startAppm/name/%E9%97%AE%E6%98%AF/user/123123/type/%E6%95%99%E5%B8%88
INFO: [ app_init ] --START--
INFO: Run Behavior\BuildLiteBehavior [ RunTime:0.000000s ]
INFO: [ app_init ] --END-- [ RunTime:0.001000s ]
INFO: [ app_begin ] --START--
INFO: Run Behavior\ReadHtmlCacheBehavior [ RunTime:0.001000s ]
INFO: [ app_begin ] --END-- [ RunTime:0.001000s ]
SQL: SHOW COLUMNS FROM `gx_lab` [ RunTime:0.0490s ]
SQL: SELECT COUNT(*) AS tp_count FROM `gx_lab` LIMIT 1   [ RunTime:0.0010s ]
SQL: SELECT * FROM `gx_lab` LIMIT 0,10   [ RunTime:0.0020s ]
INFO: [ view_parse ] --START--
INFO: [ template_filter ] --START--
INFO: Run Behavior\ContentReplaceBehavior [ RunTime:0.000000s ]
INFO: [ template_filter ] --END-- [ RunTime:0.000000s ]
NOTIC: [8] Use of undefined constant lab_name - assumed 'lab_name' F:\wamp\www\lab\Application\Runtime\Cache\Home\854fdfdfa9430c49cd5a806c0c27af22.php 第 58 行.
NOTIC: [8] Use of undefined constant lab_name - assumed 'lab_name' F:\wamp\www\lab\Application\Runtime\Cache\Home\854fdfdfa9430c49cd5a806c0c27af22.php 第 58 行.
NOTIC: [8] Use of undefined constant lab_name - assumed 'lab_name' F:\wamp\www\lab\Application\Runtime\Cache\Home\854fdfdfa9430c49cd5a806c0c27af22.php 第 58 行.
INFO: Run Behavior\ParseTemplateBehavior [ RunTime:0.059003s ]
INFO: [ view_parse ] --END-- [ RunTime:0.060003s ]
INFO: [ view_filter ] --START--
INFO: Run Behavior\WriteHtmlCacheBehavior [ RunTime:0.001000s ]
INFO: [ view_filter ] --END-- [ RunTime:0.001000s ]
INFO: [ app_end ] --START--
INFO: Run Behavior\ShowPageTraceBehavior [ RunTime:0.002000s ]
INFO: [ app_end ] --END-- [ RunTime:0.002000s ]

[ 2016-12-27T13:09:39+08:00 ] ::1 /lab/index.php/Home/index/appm/name/%E9%97%AE%E6%98%AF/labname/503/type/%E6%95%99%E5%B8%88/user/123123.html
INFO: [ app_init ] --START--
INFO: Run Behavior\BuildLiteBehavior [ RunTime:0.000000s ]
INFO: [ app_init ] --END-- [ RunTime:0.001000s ]
INFO: [ app_begin ] --START--
INFO: Run Behavior\ReadHtmlCacheBehavior [ RunTime:0.001000s ]
INFO: [ app_begin ] --END-- [ RunTime:0.001000s ]
SQL: SHOW COLUMNS FROM `gx_appmtime` [ RunTime:0.0410s ]
SQL: SELECT * FROM `gx_appmtime`  [ RunTime:0.0010s ]
INFO: [ view_parse ] --START--
INFO: [ template_filter ] --START--
INFO: Run Behavior\ContentReplaceBehavior [ RunTime:0.000000s ]
INFO: [ template_filter ] --END-- [ RunTime:0.001000s ]
INFO: Run Behavior\ParseTemplateBehavior [ RunTime:0.016001s ]
INFO: [ view_parse ] --END-- [ RunTime:0.016001s ]
INFO: [ view_filter ] --START--
INFO: Run Behavior\WriteHtmlCacheBehavior [ RunTime:0.000000s ]
INFO: [ view_filter ] --END-- [ RunTime:0.000000s ]
INFO: [ app_end ] --START--
INFO: Run Behavior\ShowPageTraceBehavior [ RunTime:0.000000s ]
INFO: [ app_end ] --END-- [ RunTime:0.001000s ]

[ 2016-12-27T13:09:51+08:00 ] ::1 /lab/index.php/Home/Index/index/name/%E9%97%AE%E6%98%AF
INFO: [ app_init ] --START--
INFO: Run Behavior\BuildLiteBehavior [ RunTime:0.000000s ]
INFO: [ app_init ] --END-- [ RunTime:0.001000s ]
INFO: [ app_begin ] --START--
INFO: Run Behavior\ReadHtmlCacheBehavior [ RunTime:0.002000s ]
INFO: [ app_begin ] --END-- [ RunTime:0.002000s ]
SQL: SHOW COLUMNS FROM `gx_annm` [ RunTime:0.0040s ]
SQL: SELECT * FROM `gx_annm`  [ RunTime:0.0000s ]
SQL: SHOW COLUMNS FROM `gx_notice` [ RunTime:0.0060s ]
SQL: SELECT * FROM `gx_notice`  [ RunTime:0.0010s ]
NOTIC: [8] Undefined index: type F:\wamp\www\lab\Application\Home\Controller\IndexController.class.php 第 17 行.
NOTIC: [8] Undefined index: user F:\wamp\www\lab\Application\Home\Controller\IndexController.class.php 第 18 行.
INFO: [ view_parse ] --START--
INFO: [ template_filter ] --START--
INFO: Run Behavior\ContentReplaceBehavior [ RunTime:0.000000s ]
INFO: [ template_filter ] --END-- [ RunTime:0.000000s ]
INFO: Run Behavior\ParseTemplateBehavior [ RunTime:0.018001s ]
INFO: [ view_parse ] --END-- [ RunTime:0.018001s ]
INFO: [ view_filter ] --START--
INFO: Run Behavior\WriteHtmlCacheBehavior [ RunTime:0.001000s ]
INFO: [ view_filter ] --END-- [ RunTime:0.001000s ]
INFO: [ app_end ] --START--
INFO: Run Behavior\ShowPageTraceBehavior [ RunTime:0.001000s ]
INFO: [ app_end ] --END-- [ RunTime:0.001000s ]

[ 2016-12-27T14:26:49+08:00 ] ::1 /lab/index.php/Home/Index/startAppm/name/%E9%97%AE%E6%98%AF/user//type/
INFO: [ app_init ] --START--
INFO: Run Behavior\BuildLiteBehavior [ RunTime:0.000000s ]
INFO: [ app_init ] --END-- [ RunTime:0.001000s ]
INFO: [ app_begin ] --START--
INFO: Run Behavior\ReadHtmlCacheBehavior [ RunTime:0.002000s ]
INFO: [ app_begin ] --END-- [ RunTime:0.002000s ]
SQL: SHOW COLUMNS FROM `gx_lab` [ RunTime:0.0060s ]
SQL: SELECT COUNT(*) AS tp_count FROM `gx_lab` LIMIT 1   [ RunTime:0.0000s ]
SQL: SELECT * FROM `gx_lab` LIMIT 0,10   [ RunTime:0.0000s ]
NOTIC: [8] Undefined index: type F:\wamp\www\lab\Application\Home\Controller\IndexController.class.php 第 48 行.
INFO: [ view_parse ] --START--
INFO: [ template_filter ] --START--
INFO: Run Behavior\ContentReplaceBehavior [ RunTime:0.000000s ]
INFO: [ template_filter ] --END-- [ RunTime:0.000000s ]
NOTIC: [8] Use of undefined constant lab_name - assumed 'lab_name' F:\wamp\www\lab\Application\Runtime\Cache\Home\854fdfdfa9430c49cd5a806c0c27af22.php 第 58 行.
NOTIC: [8] Use of undefined constant lab_name - assumed 'lab_name' F:\wamp\www\lab\Application\Runtime\Cache\Home\854fdfdfa9430c49cd5a806c0c27af22.php 第 58 行.
NOTIC: [8] Use of undefined constant lab_name - assumed 'lab_name' F:\wamp\www\lab\Application\Runtime\Cache\Home\854fdfdfa9430c49cd5a806c0c27af22.php 第 58 行.
INFO: Run Behavior\ParseTemplateBehavior [ RunTime:0.019001s ]
INFO: [ view_parse ] --END-- [ RunTime:0.019001s ]
INFO: [ view_filter ] --START--
INFO: Run Behavior\WriteHtmlCacheBehavior [ RunTime:0.001000s ]
INFO: [ view_filter ] --END-- [ RunTime:0.001000s ]
INFO: [ app_end ] --START--
INFO: Run Behavior\ShowPageTraceBehavior [ RunTime:0.001000s ]
INFO: [ app_end ] --END-- [ RunTime:0.001000s ]

[ 2016-12-27T14:27:54+08:00 ] ::1 /lab/index.php/Home/Index/startAppm/name/%E9%97%AE%E6%98%AF/user//type/
INFO: [ app_init ] --START--
INFO: Run Behavior\BuildLiteBehavior [ RunTime:0.000000s ]
INFO: [ app_init ] --END-- [ RunTime:0.001000s ]
INFO: [ app_begin ] --START--
INFO: Run Behavior\ReadHtmlCacheBehavior [ RunTime:0.001000s ]
INFO: [ app_begin ] --END-- [ RunTime:0.002000s ]
SQL: SHOW COLUMNS FROM `gx_lab` [ RunTime:0.0060s ]
SQL: SELECT COUNT(*) AS tp_count FROM `gx_lab` LIMIT 1   [ RunTime:0.0010s ]
SQL: SELECT * FROM `gx_lab` LIMIT 0,10   [ RunTime:0.0010s ]
NOTIC: [8] Undefined index: type F:\wamp\www\lab\Application\Home\Controller\IndexController.class.php 第 48 行.
INFO: [ view_parse ] --START--
INFO: [ template_filter ] --START--
INFO: Run Behavior\ContentReplaceBehavior [ RunTime:0.001000s ]
INFO: [ template_filter ] --END-- [ RunTime:0.001000s ]
NOTIC: [8] Use of undefined constant lab_name - assumed 'lab_name' F:\wamp\www\lab\Application\Runtime\Cache\Home\854fdfdfa9430c49cd5a806c0c27af22.php 第 58 行.
NOTIC: [8] Use of undefined constant lab_name - assumed 'lab_name' F:\wamp\www\lab\Application\Runtime\Cache\Home\854fdfdfa9430c49cd5a806c0c27af22.php 第 58 行.
NOTIC: [8] Use of undefined constant lab_name - assumed 'lab_name' F:\wamp\www\lab\Application\Runtime\Cache\Home\854fdfdfa9430c49cd5a806c0c27af22.php 第 58 行.
INFO: Run Behavior\ParseTemplateBehavior [ RunTime:0.018001s ]
INFO: [ view_parse ] --END-- [ RunTime:0.018001s ]
INFO: [ view_filter ] --START--
INFO: Run Behavior\WriteHtmlCacheBehavior [ RunTime:0.000000s ]
INFO: [ view_filter ] --END-- [ RunTime:0.001000s ]
INFO: [ app_end ] --START--
INFO: Run Behavior\ShowPageTraceBehavior [ RunTime:0.001000s ]
INFO: [ app_end ] --END-- [ RunTime:0.001000s ]

[ 2016-12-27T14:27:57+08:00 ] ::1 /lab/index.php/Home/Index/startAppm/name/%E9%97%AE%E6%98%AF/user//type/
INFO: [ app_init ] --START--
INFO: Run Behavior\BuildLiteBehavior [ RunTime:0.000000s ]
INFO: [ app_init ] --END-- [ RunTime:0.002000s ]
INFO: [ app_begin ] --START--
INFO: Run Behavior\ReadHtmlCacheBehavior [ RunTime:0.002001s ]
INFO: [ app_begin ] --END-- [ RunTime:0.002001s ]
SQL: SHOW COLUMNS FROM `gx_lab` [ RunTime:0.0070s ]
SQL: SELECT COUNT(*) AS tp_count FROM `gx_lab` LIMIT 1   [ RunTime:0.0000s ]
SQL: SELECT * FROM `gx_lab` LIMIT 0,10   [ RunTime:0.0000s ]
NOTIC: [8] Undefined index: type F:\wamp\www\lab\Application\Home\Controller\IndexController.class.php 第 48 行.
INFO: [ view_parse ] --START--
INFO: [ template_filter ] --START--
INFO: Run Behavior\ContentReplaceBehavior [ RunTime:0.000000s ]
INFO: [ template_filter ] --END-- [ RunTime:0.000000s ]
NOTIC: [8] Use of undefined constant lab_name - assumed 'lab_name' F:\wamp\www\lab\Application\Runtime\Cache\Home\854fdfdfa9430c49cd5a806c0c27af22.php 第 58 行.
NOTIC: [8] Use of undefined constant lab_name - assumed 'lab_name' F:\wamp\www\lab\Application\Runtime\Cache\Home\854fdfdfa9430c49cd5a806c0c27af22.php 第 58 行.
NOTIC: [8] Use of undefined constant lab_name - assumed 'lab_name' F:\wamp\www\lab\Application\Runtime\Cache\Home\854fdfdfa9430c49cd5a806c0c27af22.php 第 58 行.
INFO: Run Behavior\ParseTemplateBehavior [ RunTime:0.018001s ]
INFO: [ view_parse ] --END-- [ RunTime:0.018001s ]
INFO: [ view_filter ] --START--
INFO: Run Behavior\WriteHtmlCacheBehavior [ RunTime:0.001000s ]
INFO: [ view_filter ] --END-- [ RunTime:0.001000s ]
INFO: [ app_end ] --START--
INFO: Run Behavior\ShowPageTraceBehavior [ RunTime:0.001000s ]
INFO: [ app_end ] --END-- [ RunTime:0.001000s ]

[ 2016-12-27T14:28:13+08:00 ] ::1 /lab/index.php/Home/Index/index/name/%E9%97%AE%E6%98%AF/user/type/type/
INFO: [ app_init ] --START--
INFO: Run Behavior\BuildLiteBehavior [ RunTime:0.000000s ]
INFO: [ app_init ] --END-- [ RunTime:0.001000s ]
INFO: [ app_begin ] --START--
INFO: Run Behavior\ReadHtmlCacheBehavior [ RunTime:0.001000s ]
INFO: [ app_begin ] --END-- [ RunTime:0.002000s ]
SQL: SHOW COLUMNS FROM `gx_annm` [ RunTime:0.0100s ]
SQL: SELECT * FROM `gx_annm`  [ RunTime:0.0010s ]
SQL: SHOW COLUMNS FROM `gx_notice` [ RunTime:0.0080s ]
SQL: SELECT * FROM `gx_notice`  [ RunTime:0.0000s ]
NOTIC: [8] Undefined index: type F:\wamp\www\lab\Application\Home\Controller\IndexController.class.php 第 17 行.
INFO: [ view_parse ] --START--
INFO: [ template_filter ] --START--
INFO: Run Behavior\ContentReplaceBehavior [ RunTime:0.000000s ]
INFO: [ template_filter ] --END-- [ RunTime:0.001000s ]
INFO: Run Behavior\ParseTemplateBehavior [ RunTime:0.024001s ]
INFO: [ view_parse ] --END-- [ RunTime:0.024001s ]
INFO: [ view_filter ] --START--
INFO: Run Behavior\WriteHtmlCacheBehavior [ RunTime:0.001000s ]
INFO: [ view_filter ] --END-- [ RunTime:0.001000s ]
INFO: [ app_end ] --START--
INFO: Run Behavior\ShowPageTraceBehavior [ RunTime:0.001000s ]
INFO: [ app_end ] --END-- [ RunTime:0.002001s ]

[ 2016-12-27T14:29:25+08:00 ] ::1 /lab/index.php/Home/Index/index/name/%E9%97%AE%E6%98%AF/user/type/type/
INFO: [ app_init ] --START--
INFO: Run Behavior\BuildLiteBehavior [ RunTime:0.000000s ]
INFO: [ app_init ] --END-- [ RunTime:0.001000s ]
INFO: [ app_begin ] --START--
INFO: Run Behavior\ReadHtmlCacheBehavior [ RunTime:0.001000s ]
INFO: [ app_begin ] --END-- [ RunTime:0.002000s ]
SQL: SHOW COLUMNS FROM `gx_annm` [ RunTime:0.0060s ]
SQL: SELECT * FROM `gx_annm`  [ RunTime:0.0010s ]
SQL: SHOW COLUMNS FROM `gx_notice` [ RunTime:0.0060s ]
SQL: SELECT * FROM `gx_notice`  [ RunTime:0.0000s ]
NOTIC: [8] Undefined index: type F:\wamp\www\lab\Application\Home\Controller\IndexController.class.php 第 17 行.
INFO: [ view_parse ] --START--
INFO: [ template_filter ] --START--
INFO: Run Behavior\ContentReplaceBehavior [ RunTime:0.000000s ]
INFO: [ template_filter ] --END-- [ RunTime:0.000000s ]
INFO: Run Behavior\ParseTemplateBehavior [ RunTime:0.017001s ]
INFO: [ view_parse ] --END-- [ RunTime:0.018001s ]
INFO: [ view_filter ] --START--
INFO: Run Behavior\WriteHtmlCacheBehavior [ RunTime:0.000000s ]
INFO: [ view_filter ] --END-- [ RunTime:0.001000s ]
INFO: [ app_end ] --START--
INFO: Run Behavior\ShowPageTraceBehavior [ RunTime:0.001000s ]
INFO: [ app_end ] --END-- [ RunTime:0.001000s ]

[ 2016-12-27T14:32:06+08:00 ] ::1 /lab/index.php/Home/Index/index/name/%E9%97%AE%E6%98%AF/user/type/type/
INFO: [ app_init ] --START--
INFO: Run Behavior\BuildLiteBehavior [ RunTime:0.000000s ]
INFO: [ app_init ] --END-- [ RunTime:0.001000s ]
INFO: [ app_begin ] --START--
INFO: Run Behavior\ReadHtmlCacheBehavior [ RunTime:0.001000s ]
INFO: [ app_begin ] --END-- [ RunTime:0.001000s ]
SQL: SHOW COLUMNS FROM `gx_annm` [ RunTime:0.0060s ]
SQL: SELECT * FROM `gx_annm`  [ RunTime:0.0000s ]
SQL: SHOW COLUMNS FROM `gx_notice` [ RunTime:0.0060s ]
SQL: SELECT * FROM `gx_notice`  [ RunTime:0.0010s ]
NOTIC: [8] Undefined index: type F:\wamp\www\lab\Application\Home\Controller\IndexController.class.php 第 17 行.
INFO: [ view_parse ] --START--
INFO: [ template_filter ] --START--
INFO: Run Behavior\ContentReplaceBehavior [ RunTime:0.000000s ]
INFO: [ template_filter ] --END-- [ RunTime:0.001001s ]
INFO: Run Behavior\ParseTemplateBehavior [ RunTime:0.017001s ]
INFO: [ view_parse ] --END-- [ RunTime:0.017001s ]
INFO: [ view_filter ] --START--
INFO: Run Behavior\WriteHtmlCacheBehavior [ RunTime:0.000000s ]
INFO: [ view_filter ] --END-- [ RunTime:0.002000s ]
INFO: [ app_end ] --START--
INFO: Run Behavior\ShowPageTraceBehavior [ RunTime:0.001000s ]
INFO: [ app_end ] --END-- [ RunTime:0.001000s ]

[ 2016-12-27T14:34:37+08:00 ] ::1 /lab/index.php/Home/Index/startAppm/name/%E9%97%AE%E6%98%AF/user/type/type/
INFO: [ app_init ] --START--
INFO: Run Behavior\BuildLiteBehavior [ RunTime:0.000000s ]
INFO: [ app_init ] --END-- [ RunTime:0.001000s ]
INFO: [ app_begin ] --START--
INFO: Run Behavior\ReadHtmlCacheBehavior [ RunTime:0.001000s ]
INFO: [ app_begin ] --END-- [ RunTime:0.002000s ]
SQL: SHOW COLUMNS FROM `gx_lab` [ RunTime:0.0070s ]
SQL: SELECT COUNT(*) AS tp_count FROM `gx_lab` LIMIT 1   [ RunTime:0.0000s ]
SQL: SELECT * FROM `gx_lab` LIMIT 0,10   [ RunTime:0.0000s ]
NOTIC: [8] Undefined index: type F:\wamp\www\lab\Application\Home\Controller\IndexController.class.php 第 48 行.
INFO: [ view_parse ] --START--
INFO: [ template_filter ] --START--
INFO: Run Behavior\ContentReplaceBehavior [ RunTime:0.000000s ]
INFO: [ template_filter ] --END-- [ RunTime:0.000000s ]
NOTIC: [8] Use of undefined constant lab_name - assumed 'lab_name' F:\wamp\www\lab\Application\Runtime\Cache\Home\854fdfdfa9430c49cd5a806c0c27af22.php 第 58 行.
NOTIC: [8] Use of undefined constant lab_name - assumed 'lab_name' F:\wamp\www\lab\Application\Runtime\Cache\Home\854fdfdfa9430c49cd5a806c0c27af22.php 第 58 行.
NOTIC: [8] Use of undefined constant lab_name - assumed 'lab_name' F:\wamp\www\lab\Application\Runtime\Cache\Home\854fdfdfa9430c49cd5a806c0c27af22.php 第 58 行.
INFO: Run Behavior\ParseTemplateBehavior [ RunTime:0.018001s ]
INFO: [ view_parse ] --END-- [ RunTime:0.018001s ]
INFO: [ view_filter ] --START--
INFO: Run Behavior\WriteHtmlCacheBehavior [ RunTime:0.001000s ]
INFO: [ view_filter ] --END-- [ RunTime:0.001000s ]
INFO: [ app_end ] --START--
INFO: Run Behavior\ShowPageTraceBehavior [ RunTime:0.001000s ]
INFO: [ app_end ] --END-- [ RunTime:0.001000s ]

[ 2016-12-27T14:34:40+08:00 ] ::1 /lab/index.php/Home/index/appm/name/%E9%97%AE%E6%98%AF/labname/503/user/type.html
INFO: [ app_init ] --START--
INFO: Run Behavior\BuildLiteBehavior [ RunTime:0.000000s ]
INFO: [ app_init ] --END-- [ RunTime:0.001000s ]
INFO: [ app_begin ] --START--
INFO: Run Behavior\ReadHtmlCacheBehavior [ RunTime:0.001000s ]
INFO: [ app_begin ] --END-- [ RunTime:0.001000s ]
NOTIC: [8] Undefined index: type F:\wamp\www\lab\Application\Home\Controller\IndexController.class.php 第 57 行.
SQL: SHOW COLUMNS FROM `gx_appmtime` [ RunTime:0.0060s ]
SQL: SELECT * FROM `gx_appmtime`  [ RunTime:0.0000s ]
INFO: [ view_parse ] --START--
INFO: [ template_filter ] --START--
INFO: Run Behavior\ContentReplaceBehavior [ RunTime:0.000000s ]
INFO: [ template_filter ] --END-- [ RunTime:0.000000s ]
INFO: Run Behavior\ParseTemplateBehavior [ RunTime:0.017001s ]
INFO: [ view_parse ] --END-- [ RunTime:0.018001s ]
INFO: [ view_filter ] --START--
INFO: Run Behavior\WriteHtmlCacheBehavior [ RunTime:0.001000s ]
INFO: [ view_filter ] --END-- [ RunTime:0.001000s ]
INFO: [ app_end ] --START--
INFO: Run Behavior\ShowPageTraceBehavior [ RunTime:0.001000s ]
INFO: [ app_end ] --END-- [ RunTime:0.001000s ]

[ 2016-12-27T14:34:46+08:00 ] ::1 /lab/index.php/Home/Index/appm/name/%E9%97%AE%E6%98%AF/user/type/type/
INFO: [ app_init ] --START--
INFO: Run Behavior\BuildLiteBehavior [ RunTime:0.001000s ]
INFO: [ app_init ] --END-- [ RunTime:0.001000s ]
INFO: [ app_begin ] --START--
INFO: Run Behavior\ReadHtmlCacheBehavior [ RunTime:0.001001s ]
INFO: [ app_begin ] --END-- [ RunTime:0.001001s ]
NOTIC: [8] Undefined index: type F:\wamp\www\lab\Application\Home\Controller\IndexController.class.php 第 57 行.
SQL: SHOW COLUMNS FROM `gx_appminfo` [ RunTime:0.0090s ]
NOTIC: [8] Undefined index: validate F:\wamp\www\lab\ThinkPHP\Library\Think\Model.class.php 第 1185 行.
NOTIC: [8] Undefined index: auto F:\wamp\www\lab\ThinkPHP\Library\Think\Model.class.php 第 1128 行.
ERR: 1048:Le champ 'af_type' ne peut être vide (null)
 [ SQL语句 ] : INSERT INTO `gx_appminfo` (`af_user`,`af_labname`,`af_date`,`af_time`,`af_project`,`af_phone`,`af_type`) VALUES ('问是','503','2016-12-26','14:00-16:00','dsa','0',NULL)
ERR: 1048:Le champ 'af_type' ne peut être vide (null)
 [ SQL语句 ] : INSERT INTO `gx_appminfo` (`af_user`,`af_labname`,`af_date`,`af_time`,`af_project`,`af_phone`,`af_type`) VALUES ('问是','503','2016-12-26','14:00-16:00','dsa','0',NULL)

[ 2016-12-27T14:35:09+08:00 ] ::1 /lab/index.php/Home/login/login
INFO: [ app_init ] --START--
INFO: Run Behavior\BuildLiteBehavior [ RunTime:0.000000s ]
INFO: [ app_init ] --END-- [ RunTime:0.001001s ]
INFO: [ app_begin ] --START--
INFO: Run Behavior\ReadHtmlCacheBehavior [ RunTime:0.001000s ]
INFO: [ app_begin ] --END-- [ RunTime:0.001000s ]
INFO: [ view_parse ] --START--
INFO: [ template_filter ] --START--
INFO: Run Behavior\ContentReplaceBehavior [ RunTime:0.000000s ]
INFO: [ template_filter ] --END-- [ RunTime:0.001000s ]
INFO: Run Behavior\ParseTemplateBehavior [ RunTime:0.016001s ]
INFO: [ view_parse ] --END-- [ RunTime:0.016001s ]
INFO: [ view_filter ] --START--
INFO: Run Behavior\WriteHtmlCacheBehavior [ RunTime:0.001000s ]
INFO: [ view_filter ] --END-- [ RunTime:0.001000s ]
INFO: [ app_end ] --START--
INFO: Run Behavior\ShowPageTraceBehavior [ RunTime:0.001000s ]
INFO: [ app_end ] --END-- [ RunTime:0.001000s ]

[ 2016-12-27T14:35:09+08:00 ] ::1 /lab/index.php/Home/Login/verifyImg
INFO: [ app_init ] --START--
INFO: Run Behavior\BuildLiteBehavior [ RunTime:0.000000s ]
INFO: [ app_init ] --END-- [ RunTime:0.001000s ]
INFO: [ app_begin ] --START--
INFO: Run Behavior\ReadHtmlCacheBehavior [ RunTime:0.001000s ]
INFO: [ app_begin ] --END-- [ RunTime:0.002000s ]
INFO: [ app_end ] --START--
INFO: Run Behavior\ShowPageTraceBehavior [ RunTime:0.002000s ]
INFO: [ app_end ] --END-- [ RunTime:0.002000s ]

[ 2016-12-27T14:35:20+08:00 ] ::1 /lab/index.php/Home/Login/login
INFO: [ app_init ] --START--
INFO: Run Behavior\BuildLiteBehavior [ RunTime:0.000000s ]
INFO: [ app_init ] --END-- [ RunTime:0.001000s ]
INFO: [ app_begin ] --START--
INFO: Run Behavior\ReadHtmlCacheBehavior [ RunTime:0.001000s ]
INFO: [ app_begin ] --END-- [ RunTime:0.001000s ]
SQL: SHOW COLUMNS FROM `gx_teacher` [ RunTime:0.0060s ]
SQL: SELECT * FROM `gx_teacher` WHERE `te_no` = '123123' AND `te_pwd` = '1111' LIMIT 1   [ RunTime:0.0000s ]

[ 2016-12-27T14:35:20+08:00 ] ::1 /lab/index.php/Home/Index/index/name/%E9%97%AE%E6%98%AF/user/123123/type/%E6%95%99%E5%B8%88.html
INFO: [ app_init ] --START--
INFO: Run Behavior\BuildLiteBehavior [ RunTime:0.000000s ]
INFO: [ app_init ] --END-- [ RunTime:0.001000s ]
INFO: [ app_begin ] --START--
INFO: Run Behavior\ReadHtmlCacheBehavior [ RunTime:0.001000s ]
INFO: [ app_begin ] --END-- [ RunTime:0.001000s ]
SQL: SHOW COLUMNS FROM `gx_annm` [ RunTime:0.0060s ]
SQL: SELECT * FROM `gx_annm`  [ RunTime:0.0010s ]
SQL: SHOW COLUMNS FROM `gx_notice` [ RunTime:0.0070s ]
SQL: SELECT * FROM `gx_notice`  [ RunTime:0.0000s ]
INFO: [ view_parse ] --START--
INFO: [ template_filter ] --START--
INFO: Run Behavior\ContentReplaceBehavior [ RunTime:0.001000s ]
INFO: [ template_filter ] --END-- [ RunTime:0.001000s ]
INFO: Run Behavior\ParseTemplateBehavior [ RunTime:0.019002s ]
INFO: [ view_parse ] --END-- [ RunTime:0.019002s ]
INFO: [ view_filter ] --START--
INFO: Run Behavior\WriteHtmlCacheBehavior [ RunTime:0.001000s ]
INFO: [ view_filter ] --END-- [ RunTime:0.001000s ]
INFO: [ app_end ] --START--
INFO: Run Behavior\ShowPageTraceBehavior [ RunTime:0.001000s ]
INFO: [ app_end ] --END-- [ RunTime:0.002000s ]

[ 2016-12-27T14:35:22+08:00 ] ::1 /lab/index.php/Home/Index/startAppm/name/%E9%97%AE%E6%98%AF/user/123123/type/%E6%95%99%E5%B8%88
INFO: [ app_init ] --START--
INFO: Run Behavior\BuildLiteBehavior [ RunTime:0.000000s ]
INFO: [ app_init ] --END-- [ RunTime:0.001000s ]
INFO: [ app_begin ] --START--
INFO: Run Behavior\ReadHtmlCacheBehavior [ RunTime:0.001000s ]
INFO: [ app_begin ] --END-- [ RunTime:0.001000s ]
SQL: SHOW COLUMNS FROM `gx_lab` [ RunTime:0.0090s ]
SQL: SELECT COUNT(*) AS tp_count FROM `gx_lab` LIMIT 1   [ RunTime:0.0010s ]
SQL: SELECT * FROM `gx_lab` LIMIT 0,10   [ RunTime:0.0000s ]
INFO: [ view_parse ] --START--
INFO: [ template_filter ] --START--
INFO: Run Behavior\ContentReplaceBehavior [ RunTime:0.000000s ]
INFO: [ template_filter ] --END-- [ RunTime:0.001000s ]
NOTIC: [8] Use of undefined constant lab_name - assumed 'lab_name' F:\wamp\www\lab\Application\Runtime\Cache\Home\854fdfdfa9430c49cd5a806c0c27af22.php 第 58 行.
NOTIC: [8] Use of undefined constant lab_name - assumed 'lab_name' F:\wamp\www\lab\Application\Runtime\Cache\Home\854fdfdfa9430c49cd5a806c0c27af22.php 第 58 行.
NOTIC: [8] Use of undefined constant lab_name - assumed 'lab_name' F:\wamp\www\lab\Application\Runtime\Cache\Home\854fdfdfa9430c49cd5a806c0c27af22.php 第 58 行.
INFO: Run Behavior\ParseTemplateBehavior [ RunTime:0.020001s ]
INFO: [ view_parse ] --END-- [ RunTime:0.021001s ]
INFO: [ view_filter ] --START--
INFO: Run Behavior\WriteHtmlCacheBehavior [ RunTime:0.000000s ]
INFO: [ view_filter ] --END-- [ RunTime:0.001000s ]
INFO: [ app_end ] --START--
INFO: Run Behavior\ShowPageTraceBehavior [ RunTime:0.002000s ]
INFO: [ app_end ] --END-- [ RunTime:0.002000s ]

[ 2016-12-27T14:35:26+08:00 ] ::1 /lab/index.php/Home/index/appm/name/%E9%97%AE%E6%98%AF/labname/503/type/%E6%95%99%E5%B8%88/user/123123.html
INFO: [ app_init ] --START--
INFO: Run Behavior\BuildLiteBehavior [ RunTime:0.000000s ]
INFO: [ app_init ] --END-- [ RunTime:0.001000s ]
INFO: [ app_begin ] --START--
INFO: Run Behavior\ReadHtmlCacheBehavior [ RunTime:0.001000s ]
INFO: [ app_begin ] --END-- [ RunTime:0.002000s ]
SQL: SHOW COLUMNS FROM `gx_appmtime` [ RunTime:0.0060s ]
SQL: SELECT * FROM `gx_appmtime`  [ RunTime:0.0000s ]
INFO: [ view_parse ] --START--
INFO: [ template_filter ] --START--
INFO: Run Behavior\ContentReplaceBehavior [ RunTime:0.001000s ]
INFO: [ template_filter ] --END-- [ RunTime:0.001000s ]
INFO: Run Behavior\ParseTemplateBehavior [ RunTime:0.015001s ]
INFO: [ view_parse ] --END-- [ RunTime:0.016001s ]
INFO: [ view_filter ] --START--
INFO: Run Behavior\WriteHtmlCacheBehavior [ RunTime:0.000000s ]
INFO: [ view_filter ] --END-- [ RunTime:0.001000s ]
INFO: [ app_end ] --START--
INFO: Run Behavior\ShowPageTraceBehavior [ RunTime:0.002000s ]
INFO: [ app_end ] --END-- [ RunTime:0.002000s ]

[ 2016-12-27T14:35:31+08:00 ] ::1 /lab/index.php/Home/Index/appm/name/%E9%97%AE%E6%98%AF/user/123123/type/%E6%95%99%E5%B8%88
INFO: [ app_init ] --START--
INFO: Run Behavior\BuildLiteBehavior [ RunTime:0.001000s ]
INFO: [ app_init ] --END-- [ RunTime:0.002000s ]
INFO: [ app_begin ] --START--
INFO: Run Behavior\ReadHtmlCacheBehavior [ RunTime:0.001000s ]
INFO: [ app_begin ] --END-- [ RunTime:0.001000s ]
SQL: SHOW COLUMNS FROM `gx_appminfo` [ RunTime:0.0070s ]
NOTIC: [8] Undefined index: validate F:\wamp\www\lab\ThinkPHP\Library\Think\Model.class.php 第 1185 行.
NOTIC: [8] Undefined index: auto F:\wamp\www\lab\ThinkPHP\Library\Think\Model.class.php 第 1128 行.
SQL: INSERT INTO `gx_appminfo` (`af_user`,`af_labname`,`af_date`,`af_time`,`af_project`,`af_phone`,`af_type`) VALUES ('问是','503','2016-12-28','9:00-11:00','dsa','0','教师') [ RunTime:0.0330s ]

[ 2016-12-27T14:35:31+08:00 ] ::1 /lab/index.php/Home/Index/appmsuccess/name/%E9%97%AE%E6%98%AF/user/123123/type/%E6%95%99%E5%B8%88.html
INFO: [ app_init ] --START--
INFO: Run Behavior\BuildLiteBehavior [ RunTime:0.000000s ]
INFO: [ app_init ] --END-- [ RunTime:0.002000s ]
INFO: [ app_begin ] --START--
INFO: Run Behavior\ReadHtmlCacheBehavior [ RunTime:0.001000s ]
INFO: [ app_begin ] --END-- [ RunTime:0.001000s ]
INFO: [ view_parse ] --START--
INFO: [ template_filter ] --START--
INFO: Run Behavior\ContentReplaceBehavior [ RunTime:0.000000s ]
INFO: [ template_filter ] --END-- [ RunTime:0.000000s ]
INFO: Run Behavior\ParseTemplateBehavior [ RunTime:0.014000s ]
INFO: [ view_parse ] --END-- [ RunTime:0.014000s ]
INFO: [ view_filter ] --START--
INFO: Run Behavior\WriteHtmlCacheBehavior [ RunTime:0.001000s ]
INFO: [ view_filter ] --END-- [ RunTime:0.001000s ]
INFO: [ app_end ] --START--
INFO: Run Behavior\ShowPageTraceBehavior [ RunTime:0.001000s ]
INFO: [ app_end ] --END-- [ RunTime:0.001000s ]

[ 2016-12-27T14:35:43+08:00 ] ::1 /lab/index.php/Home/Index/startAppm/name/%E9%97%AE%E6%98%AF/user/123123/type/%E6%95%99%E5%B8%88
INFO: [ app_init ] --START--
INFO: Run Behavior\BuildLiteBehavior [ RunTime:0.000000s ]
INFO: [ app_init ] --END-- [ RunTime:0.001000s ]
INFO: [ app_begin ] --START--
INFO: Run Behavior\ReadHtmlCacheBehavior [ RunTime:0.001000s ]
INFO: [ app_begin ] --END-- [ RunTime:0.001000s ]
SQL: SHOW COLUMNS FROM `gx_lab` [ RunTime:0.0090s ]
SQL: SELECT COUNT(*) AS tp_count FROM `gx_lab` LIMIT 1   [ RunTime:0.0000s ]
SQL: SELECT * FROM `gx_lab` LIMIT 0,10   [ RunTime:0.0000s ]
INFO: [ view_parse ] --START--
INFO: [ template_filter ] --START--
INFO: Run Behavior\ContentReplaceBehavior [ RunTime:0.000000s ]
INFO: [ template_filter ] --END-- [ RunTime:0.000000s ]
NOTIC: [8] Use of undefined constant lab_name - assumed 'lab_name' F:\wamp\www\lab\Application\Runtime\Cache\Home\854fdfdfa9430c49cd5a806c0c27af22.php 第 58 行.
NOTIC: [8] Use of undefined constant lab_name - assumed 'lab_name' F:\wamp\www\lab\Application\Runtime\Cache\Home\854fdfdfa9430c49cd5a806c0c27af22.php 第 58 行.
NOTIC: [8] Use of undefined constant lab_name - assumed 'lab_name' F:\wamp\www\lab\Application\Runtime\Cache\Home\854fdfdfa9430c49cd5a806c0c27af22.php 第 58 行.
INFO: Run Behavior\ParseTemplateBehavior [ RunTime:0.017001s ]
INFO: [ view_parse ] --END-- [ RunTime:0.017001s ]
INFO: [ view_filter ] --START--
INFO: Run Behavior\WriteHtmlCacheBehavior [ RunTime:0.000000s ]
INFO: [ view_filter ] --END-- [ RunTime:0.001000s ]
INFO: [ app_end ] --START--
INFO: Run Behavior\ShowPageTraceBehavior [ RunTime:0.001000s ]
INFO: [ app_end ] --END-- [ RunTime:0.001000s ]

[ 2016-12-27T14:35:49+08:00 ] ::1 /lab/index.php/Home/index/appm/name/%E9%97%AE%E6%98%AF/labname/403/type/%E6%95%99%E5%B8%88/user/123123.html
INFO: [ app_init ] --START--
INFO: Run Behavior\BuildLiteBehavior [ RunTime:0.000000s ]
INFO: [ app_init ] --END-- [ RunTime:0.001000s ]
INFO: [ app_begin ] --START--
INFO: Run Behavior\ReadHtmlCacheBehavior [ RunTime:0.001000s ]
INFO: [ app_begin ] --END-- [ RunTime:0.001000s ]
SQL: SHOW COLUMNS FROM `gx_appmtime` [ RunTime:0.0060s ]
SQL: SELECT * FROM `gx_appmtime`  [ RunTime:0.0000s ]
INFO: [ view_parse ] --START--
INFO: [ template_filter ] --START--
INFO: Run Behavior\ContentReplaceBehavior [ RunTime:0.000000s ]
INFO: [ template_filter ] --END-- [ RunTime:0.000000s ]
INFO: Run Behavior\ParseTemplateBehavior [ RunTime:0.015001s ]
INFO: [ view_parse ] --END-- [ RunTime:0.015001s ]
INFO: [ view_filter ] --START--
INFO: Run Behavior\WriteHtmlCacheBehavior [ RunTime:0.001000s ]
INFO: [ view_filter ] --END-- [ RunTime:0.001000s ]
INFO: [ app_end ] --START--
INFO: Run Behavior\ShowPageTraceBehavior [ RunTime:0.001000s ]
INFO: [ app_end ] --END-- [ RunTime:0.001000s ]

[ 2016-12-27T14:35:56+08:00 ] ::1 /lab/index.php/Home/Index/appm/name/%E9%97%AE%E6%98%AF/user/123123/type/%E6%95%99%E5%B8%88
INFO: [ app_init ] --START--
INFO: Run Behavior\BuildLiteBehavior [ RunTime:0.000000s ]
INFO: [ app_init ] --END-- [ RunTime:0.001000s ]
INFO: [ app_begin ] --START--
INFO: Run Behavior\ReadHtmlCacheBehavior [ RunTime:0.000000s ]
INFO: [ app_begin ] --END-- [ RunTime:0.001000s ]
SQL: SHOW COLUMNS FROM `gx_appminfo` [ RunTime:0.0070s ]
NOTIC: [8] Undefined index: validate F:\wamp\www\lab\ThinkPHP\Library\Think\Model.class.php 第 1185 行.
NOTIC: [8] Undefined index: auto F:\wamp\www\lab\ThinkPHP\Library\Think\Model.class.php 第 1128 行.
SQL: INSERT INTO `gx_appminfo` (`af_user`,`af_labname`,`af_date`,`af_time`,`af_project`,`af_phone`,`af_type`) VALUES ('问是','403','2016-12-22','14:00-16:00','ddd','0','教师') [ RunTime:0.0360s ]

[ 2016-12-27T14:35:57+08:00 ] ::1 /lab/index.php/Home/Index/appmsuccess/name/%E9%97%AE%E6%98%AF/user/123123/type/%E6%95%99%E5%B8%88.html
INFO: [ app_init ] --START--
INFO: Run Behavior\BuildLiteBehavior [ RunTime:0.000000s ]
INFO: [ app_init ] --END-- [ RunTime:0.002000s ]
INFO: [ app_begin ] --START--
INFO: Run Behavior\ReadHtmlCacheBehavior [ RunTime:0.001000s ]
INFO: [ app_begin ] --END-- [ RunTime:0.001000s ]
INFO: [ view_parse ] --START--
INFO: [ template_filter ] --START--
INFO: Run Behavior\ContentReplaceBehavior [ RunTime:0.000000s ]
INFO: [ template_filter ] --END-- [ RunTime:0.000000s ]
INFO: Run Behavior\ParseTemplateBehavior [ RunTime:0.011000s ]
INFO: [ view_parse ] --END-- [ RunTime:0.012000s ]
INFO: [ view_filter ] --START--
INFO: Run Behavior\WriteHtmlCacheBehavior [ RunTime:0.001001s ]
INFO: [ view_filter ] --END-- [ RunTime:0.001001s ]
INFO: [ app_end ] --START--
INFO: Run Behavior\ShowPageTraceBehavior [ RunTime:0.001000s ]
INFO: [ app_end ] --END-- [ RunTime:0.002000s ]

[ 2016-12-27T14:36:00+08:00 ] ::1 /lab/index.php/Home/Index/index/name/%E9%97%AE%E6%98%AF/user/123123/type/%E6%95%99%E5%B8%88
INFO: [ app_init ] --START--
INFO: Run Behavior\BuildLiteBehavior [ RunTime:0.000000s ]
INFO: [ app_init ] --END-- [ RunTime:0.000000s ]
INFO: [ app_begin ] --START--
INFO: Run Behavior\ReadHtmlCacheBehavior [ RunTime:0.001000s ]
INFO: [ app_begin ] --END-- [ RunTime:0.001000s ]
SQL: SHOW COLUMNS FROM `gx_annm` [ RunTime:0.0060s ]
SQL: SELECT * FROM `gx_annm`  [ RunTime:0.0000s ]
SQL: SHOW COLUMNS FROM `gx_notice` [ RunTime:0.0060s ]
SQL: SELECT * FROM `gx_notice`  [ RunTime:0.0000s ]
INFO: [ view_parse ] --START--
INFO: [ template_filter ] --START--
INFO: Run Behavior\ContentReplaceBehavior [ RunTime:0.000000s ]
INFO: [ template_filter ] --END-- [ RunTime:0.001000s ]
INFO: Run Behavior\ParseTemplateBehavior [ RunTime:0.017001s ]
INFO: [ view_parse ] --END-- [ RunTime:0.017001s ]
INFO: [ view_filter ] --START--
INFO: Run Behavior\WriteHtmlCacheBehavior [ RunTime:0.001000s ]
INFO: [ view_filter ] --END-- [ RunTime:0.001000s ]
INFO: [ app_end ] --START--
INFO: Run Behavior\ShowPageTraceBehavior [ RunTime:0.001001s ]
INFO: [ app_end ] --END-- [ RunTime:0.001001s ]

[ 2016-12-27T14:36:05+08:00 ] ::1 /lab/index.php/Home/Index/startAppm/name/%E9%97%AE%E6%98%AF/user/123123/type/%E6%95%99%E5%B8%88
INFO: [ app_init ] --START--
INFO: Run Behavior\BuildLiteBehavior [ RunTime:0.000000s ]
INFO: [ app_init ] --END-- [ RunTime:0.001001s ]
INFO: [ app_begin ] --START--
INFO: Run Behavior\ReadHtmlCacheBehavior [ RunTime:0.000000s ]
INFO: [ app_begin ] --END-- [ RunTime:0.002000s ]
SQL: SHOW COLUMNS FROM `gx_lab` [ RunTime:0.0060s ]
SQL: SELECT COUNT(*) AS tp_count FROM `gx_lab` LIMIT 1   [ RunTime:0.0000s ]
SQL: SELECT * FROM `gx_lab` LIMIT 0,10   [ RunTime:0.0000s ]
INFO: [ view_parse ] --START--
INFO: [ template_filter ] --START--
INFO: Run Behavior\ContentReplaceBehavior [ RunTime:0.000000s ]
INFO: [ template_filter ] --END-- [ RunTime:0.001000s ]
NOTIC: [8] Use of undefined constant lab_name - assumed 'lab_name' F:\wamp\www\lab\Application\Runtime\Cache\Home\854fdfdfa9430c49cd5a806c0c27af22.php 第 58 行.
NOTIC: [8] Use of undefined constant lab_name - assumed 'lab_name' F:\wamp\www\lab\Application\Runtime\Cache\Home\854fdfdfa9430c49cd5a806c0c27af22.php 第 58 行.
NOTIC: [8] Use of undefined constant lab_name - assumed 'lab_name' F:\wamp\www\lab\Application\Runtime\Cache\Home\854fdfdfa9430c49cd5a806c0c27af22.php 第 58 行.
INFO: Run Behavior\ParseTemplateBehavior [ RunTime:0.016001s ]
INFO: [ view_parse ] --END-- [ RunTime:0.017001s ]
INFO: [ view_filter ] --START--
INFO: Run Behavior\WriteHtmlCacheBehavior [ RunTime:0.001000s ]
INFO: [ view_filter ] --END-- [ RunTime:0.001000s ]
INFO: [ app_end ] --START--
INFO: Run Behavior\ShowPageTraceBehavior [ RunTime:0.001000s ]
INFO: [ app_end ] --END-- [ RunTime:0.001000s ]

[ 2016-12-27T14:38:22+08:00 ] ::1 /lab/index.php/Home/Index/index/name/%E9%97%AE%E6%98%AF/user/123123/type/%E6%95%99%E5%B8%88
INFO: [ app_init ] --START--
INFO: Run Behavior\BuildLiteBehavior [ RunTime:0.000000s ]
INFO: [ app_init ] --END-- [ RunTime:0.001000s ]
INFO: [ app_begin ] --START--
INFO: Run Behavior\ReadHtmlCacheBehavior [ RunTime:0.001000s ]
INFO: [ app_begin ] --END-- [ RunTime:0.002000s ]
SQL: SHOW COLUMNS FROM `gx_annm` [ RunTime:0.0070s ]
SQL: SELECT * FROM `gx_annm`  [ RunTime:0.0000s ]
SQL: SHOW COLUMNS FROM `gx_notice` [ RunTime:0.0060s ]
SQL: SELECT * FROM `gx_notice`  [ RunTime:0.0000s ]
INFO: [ view_parse ] --START--
INFO: [ template_filter ] --START--
INFO: Run Behavior\ContentReplaceBehavior [ RunTime:0.000000s ]
INFO: [ template_filter ] --END-- [ RunTime:0.000000s ]
INFO: Run Behavior\ParseTemplateBehavior [ RunTime:0.018001s ]
INFO: [ view_parse ] --END-- [ RunTime:0.018001s ]
INFO: [ view_filter ] --START--
INFO: Run Behavior\WriteHtmlCacheBehavior [ RunTime:0.001000s ]
INFO: [ view_filter ] --END-- [ RunTime:0.001000s ]
INFO: [ app_end ] --START--
INFO: Run Behavior\ShowPageTraceBehavior [ RunTime:0.001000s ]
INFO: [ app_end ] --END-- [ RunTime:0.001000s ]

[ 2016-12-27T14:38:23+08:00 ] ::1 /lab/index.php/Home/Index/startAppm/name/%E9%97%AE%E6%98%AF/user/123123/type/%E6%95%99%E5%B8%88
INFO: [ app_init ] --START--
INFO: Run Behavior\BuildLiteBehavior [ RunTime:0.000000s ]
INFO: [ app_init ] --END-- [ RunTime:0.001000s ]
INFO: [ app_begin ] --START--
INFO: Run Behavior\ReadHtmlCacheBehavior [ RunTime:0.004000s ]
INFO: [ app_begin ] --END-- [ RunTime:0.004000s ]
SQL: SHOW COLUMNS FROM `gx_lab` [ RunTime:0.0090s ]
SQL: SELECT COUNT(*) AS tp_count FROM `gx_lab` LIMIT 1   [ RunTime:0.0010s ]
SQL: SELECT * FROM `gx_lab` LIMIT 0,10   [ RunTime:0.0010s ]
INFO: [ view_parse ] --START--
INFO: [ template_filter ] --START--
INFO: Run Behavior\ContentReplaceBehavior [ RunTime:0.000000s ]
INFO: [ template_filter ] --END-- [ RunTime:0.000000s ]
NOTIC: [8] Use of undefined constant lab_name - assumed 'lab_name' F:\wamp\www\lab\Application\Runtime\Cache\Home\854fdfdfa9430c49cd5a806c0c27af22.php 第 58 行.
NOTIC: [8] Use of undefined constant lab_name - assumed 'lab_name' F:\wamp\www\lab\Application\Runtime\Cache\Home\854fdfdfa9430c49cd5a806c0c27af22.php 第 58 行.
NOTIC: [8] Use of undefined constant lab_name - assumed 'lab_name' F:\wamp\www\lab\Application\Runtime\Cache\Home\854fdfdfa9430c49cd5a806c0c27af22.php 第 58 行.
INFO: Run Behavior\ParseTemplateBehavior [ RunTime:0.019001s ]
INFO: [ view_parse ] --END-- [ RunTime:0.019001s ]
INFO: [ view_filter ] --START--
INFO: Run Behavior\WriteHtmlCacheBehavior [ RunTime:0.000000s ]
INFO: [ view_filter ] --END-- [ RunTime:0.001000s ]
INFO: [ app_end ] --START--
INFO: Run Behavior\ShowPageTraceBehavior [ RunTime:0.000000s ]
INFO: [ app_end ] --END-- [ RunTime:0.000000s ]

[ 2016-12-27T14:38:27+08:00 ] ::1 /lab/index.php/Home/Index/index/name/%E9%97%AE%E6%98%AF/user/123123/type/%E6%95%99%E5%B8%88
INFO: [ app_init ] --START--
INFO: Run Behavior\BuildLiteBehavior [ RunTime:0.000000s ]
INFO: [ app_init ] --END-- [ RunTime:0.001000s ]
INFO: [ app_begin ] --START--
INFO: Run Behavior\ReadHtmlCacheBehavior [ RunTime:0.002000s ]
INFO: [ app_begin ] --END-- [ RunTime:0.002000s ]
SQL: SHOW COLUMNS FROM `gx_annm` [ RunTime:0.0070s ]
SQL: SELECT * FROM `gx_annm`  [ RunTime:0.0000s ]
SQL: SHOW COLUMNS FROM `gx_notice` [ RunTime:0.0060s ]
SQL: SELECT * FROM `gx_notice`  [ RunTime:0.0000s ]
INFO: [ view_parse ] --START--
INFO: [ template_filter ] --START--
INFO: Run Behavior\ContentReplaceBehavior [ RunTime:0.000000s ]
INFO: [ template_filter ] --END-- [ RunTime:0.001000s ]
INFO: Run Behavior\ParseTemplateBehavior [ RunTime:0.017001s ]
INFO: [ view_parse ] --END-- [ RunTime:0.017001s ]
INFO: [ view_filter ] --START--
INFO: Run Behavior\WriteHtmlCacheBehavior [ RunTime:0.000000s ]
INFO: [ view_filter ] --END-- [ RunTime:0.001000s ]
INFO: [ app_end ] --START--
INFO: Run Behavior\ShowPageTraceBehavior [ RunTime:0.001000s ]
INFO: [ app_end ] --END-- [ RunTime:0.001000s ]

