[ 2016-12-11T20:36:12+08:00 ] ::1 /lab/index.php/lab/index.php/Home/Index/index/name/%E9%97%AE%E6%98%AF/type/%E6%95%99%E5%B8%88.html.html
INFO: [ app_init ] --START--
INFO: Run Behavior\BuildLiteBehavior [ RunTime:0.000000s ]
INFO: [ app_init ] --END-- [ RunTime:0.001000s ]
ERR: 无法加载模块:Lab

[ 2016-12-11T20:37:07+08:00 ] ::1 /lab/index.php/lab/index.php/Home/Index/index/name/%E9%97%AE%E6%98%AF/type/%E6%95%99%E5%B8%88.html.html
INFO: [ app_init ] --START--
INFO: Run Behavior\BuildLiteBehavior [ RunTime:0.000000s ]
INFO: [ app_init ] --END-- [ RunTime:0.001000s ]
ERR: 无法加载模块:Lab

[ 2016-12-11T20:38:03+08:00 ] ::1 /lab/index.php/lab/index.php/Home/Login/index/name/%E9%97%AE%E6%98%AF/type/%E6%95%99%E5%B8%88.html.html
INFO: [ app_init ] --START--
INFO: Run Behavior\BuildLiteBehavior [ RunTime:0.000000s ]
INFO: [ app_init ] --END-- [ RunTime:0.001000s ]
ERR: 无法加载模块:Lab

[ 2016-12-11T20:38:35+08:00 ] ::1 /lab/index.php/lab/index.php/Home/Index/index/name/%E9%97%AE%E6%98%AF.html.html
INFO: [ app_init ] --START--
INFO: Run Behavior\BuildLiteBehavior [ RunTime:0.000000s ]
INFO: [ app_init ] --END-- [ RunTime:0.001000s ]
ERR: 无法加载模块:Lab

[ 2016-12-11T20:50:56+08:00 ] ::1 /lab/index.php/Homelo
INFO: [ app_init ] --START--
INFO: Run Behavior\BuildLiteBehavior [ RunTime:0.000000s ]
INFO: [ app_init ] --END-- [ RunTime:0.001000s ]
ERR: 无法加载模块:Homelo

